<?xml version="1.0" encoding="UTF-8"?>
<!-- Generated by org.testng.reporters.JUnitReportReporter -->
<testsuite hostname="LAPTOP-JV9ABTHT" failures="0" tests="12" name="Infosys.Ecommarce.TestEHomepage" time="61.211" errors="1" timestamp="02 Jul 2021 16:28:58 GMT" skipped="0">
  <testcase classname="Infosys.Ecommarce.TestEHomepage" name="GenerateATReport" time="13.507">
    <error message="com/sun/image/codec/jpeg/JPEGCodec" type="java.lang.NoClassDefFoundError">
      <![CDATA[java.lang.NoClassDefFoundError: com/sun/image/codec/jpeg/JPEGCodec
at org.jfree.chart.encoders.SunJPEGEncoderAdapter.encode(SunJPEGEncoderAdapter.java:128)
at org.jfree.chart.encoders.EncoderUtil.writeBufferedImage(EncoderUtil.java:144)
at org.jfree.chart.ChartUtilities.writeChartAsJPEG(ChartUtilities.java:426)
at org.jfree.chart.ChartUtilities.writeChartAsJPEG(ChartUtilities.java:374)
at org.automationtesting.excelreport.Xl.generateReport(Xl.java:130)
at Infosys.Ecommarce.TestEHomepage.GenerateATReport(TestEHomepage.java:41)
at java.base/jdk.internal.reflect.NativeMethodAccessorImpl.invoke0(Native Method)
at java.base/jdk.internal.reflect.NativeMethodAccessorImpl.invoke(NativeMethodAccessorImpl.java:78)
at java.base/jdk.internal.reflect.DelegatingMethodAccessorImpl.invoke(DelegatingMethodAccessorImpl.java:43)
at java.base/java.lang.reflect.Method.invoke(Method.java:567)
at org.testng.internal.MethodInvocationHelper.invokeMethod(MethodInvocationHelper.java:124)
at org.testng.internal.MethodInvocationHelper.invokeMethodConsideringTimeout(MethodInvocationHelper.java:59)
at org.testng.internal.Invoker.invokeConfigurationMethod(Invoker.java:458)
at org.testng.internal.Invoker.invokeConfigurations(Invoker.java:222)
at org.testng.internal.Invoker.invokeConfigurations(Invoker.java:142)
at org.testng.SuiteRunner.privateRun(SuiteRunner.java:425)
at org.testng.SuiteRunner.run(SuiteRunner.java:364)
at org.testng.SuiteRunnerWorker.runSuite(SuiteRunnerWorker.java:52)
at org.testng.SuiteRunnerWorker.run(SuiteRunnerWorker.java:84)
at org.testng.TestNG.runSuitesSequentially(TestNG.java:1208)
at org.testng.TestNG.runSuitesLocally(TestNG.java:1137)
at org.testng.TestNG.runSuites(TestNG.java:1049)
at org.testng.TestNG.run(TestNG.java:1017)
at org.testng.remote.AbstractRemoteTestNG.run(AbstractRemoteTestNG.java:115)
at org.testng.remote.RemoteTestNG.initAndRun(RemoteTestNG.java:251)
at org.testng.remote.RemoteTestNG.main(RemoteTestNG.java:77)
Caused by: java.lang.ClassNotFoundException: com.sun.image.codec.jpeg.JPEGCodec
at java.base/jdk.internal.loader.BuiltinClassLoader.loadClass(BuiltinClassLoader.java:636)
at java.base/jdk.internal.loader.ClassLoaders$AppClassLoader.loadClass(ClassLoaders.java:182)
at java.base/java.lang.ClassLoader.loadClass(ClassLoader.java:519)
... 26 more
]]>
    </error>
  </testcase> <!-- GenerateATReport -->
  <testcase classname="Infosys.Ecommarce.TestEHomepage" name="verifysearchbutton" time="1.168"/>
  <testcase classname="Infosys.Ecommarce.TestEHomepage" name="verifysearchbar" time="0.594"/>
  <testcase classname="Infosys.Ecommarce.TestEHomepage" name="verifysearchbarclick" time="5.331"/>
  <testcase classname="Infosys.Ecommarce.TestEHomepage" name="verifyFilterColour" time="1.877"/>
  <testcase classname="Infosys.Ecommarce.TestEHomepage" name="verifyFilterSize" time="1.649"/>
  <testcase classname="Infosys.Ecommarce.TestEHomepage" name="verifyRelevance" time="1.737"/>
  <testcase classname="Infosys.Ecommarce.TestEHomepage" name="verifychoice" time="22.889"/>
  <testcase classname="Infosys.Ecommarce.TestEHomepage" name="verifySelectColour" time="0.319"/>
  <testcase classname="Infosys.Ecommarce.TestEHomepage" name="verifySelectSize" time="0.330"/>
  <testcase classname="Infosys.Ecommarce.TestEHomepage" name="verifyAddToCart" time="5.369"/>
  <testcase classname="Infosys.Ecommarce.TestEHomepage" name="ChekCart" time="6.441"/>
</testsuite> <!-- Infosys.Ecommarce.TestEHomepage -->
