<?xml version="1.0" encoding="UTF-8"?>
<!-- Generated by org.testng.reporters.JUnitXMLReporter -->
<testsuite ignored="0" hostname="LAPTOP-JV9ABTHT" failures="0" tests="11" name="Default test" time="25.303" errors="0" timestamp="2021-07-05T04:20:41 EDT">
  <testcase classname="Birlasoft.Pharma.DriverClass" name="@BeforeClass initiatedriver" time="24.755">
    <failure type="org.openqa.selenium.WebDriverException" message="Timed out waiting for driver server to start.
Build info: version: &amp;apos;3.141.59&amp;apos;, revision: &amp;apos;e82be7d358&amp;apos;, time: &amp;apos;2018-11-14T08:17:03&amp;apos;
System info: host: &amp;apos;LAPTOP-JV9ABTHT&amp;apos;, ip: &amp;apos;192.168.43.119&amp;apos;, os.name: &amp;apos;Windows 10&amp;apos;, os.arch: &amp;apos;amd64&amp;apos;, os.version: &amp;apos;10.0&amp;apos;, java.version: &amp;apos;16&amp;apos;
Driver info: driver.version: ChromeDriver">
      <![CDATA[org.openqa.selenium.WebDriverException: Timed out waiting for driver server to start.
Build info: version: '3.141.59', revision: 'e82be7d358', time: '2018-11-14T08:17:03'
System info: host: 'LAPTOP-JV9ABTHT', ip: '192.168.43.119', os.name: 'Windows 10', os.arch: 'amd64', os.version: '10.0', java.version: '16'
Driver info: driver.version: ChromeDriver
at org.openqa.selenium.remote.service.DriverService.waitUntilAvailable(DriverService.java:202)
at org.openqa.selenium.remote.service.DriverService.start(DriverService.java:188)
at org.openqa.selenium.remote.service.DriverCommandExecutor.execute(DriverCommandExecutor.java:79)
at org.openqa.selenium.remote.RemoteWebDriver.execute(RemoteWebDriver.java:552)
at org.openqa.selenium.remote.RemoteWebDriver.startSession(RemoteWebDriver.java:213)
at org.openqa.selenium.remote.RemoteWebDriver.<init>(RemoteWebDriver.java:131)
at org.openqa.selenium.chrome.ChromeDriver.<init>(ChromeDriver.java:181)
at org.openqa.selenium.chrome.ChromeDriver.<init>(ChromeDriver.java:168)
at org.openqa.selenium.chrome.ChromeDriver.<init>(ChromeDriver.java:123)
at Birlasoft.Pharma.DriverClass.initiatedriver(DriverClass.java:25)
at java.base/jdk.internal.reflect.NativeMethodAccessorImpl.invoke0(Native Method)
at java.base/jdk.internal.reflect.NativeMethodAccessorImpl.invoke(NativeMethodAccessorImpl.java:78)
at java.base/jdk.internal.reflect.DelegatingMethodAccessorImpl.invoke(DelegatingMethodAccessorImpl.java:43)
at java.base/java.lang.reflect.Method.invoke(Method.java:567)
at org.testng.internal.MethodInvocationHelper.invokeMethod(MethodInvocationHelper.java:133)
at org.testng.internal.MethodInvocationHelper.invokeMethodConsideringTimeout(MethodInvocationHelper.java:62)
at org.testng.internal.ConfigInvoker.invokeConfigurationMethod(ConfigInvoker.java:385)
at org.testng.internal.ConfigInvoker.invokeConfigurations(ConfigInvoker.java:321)
at org.testng.internal.TestMethodWorker.invokeBeforeClassMethods(TestMethodWorker.java:176)
at org.testng.internal.TestMethodWorker.run(TestMethodWorker.java:122)
at java.base/java.util.ArrayList.forEach(ArrayList.java:1511)
at org.testng.TestRunner.privateRun(TestRunner.java:794)
at org.testng.TestRunner.run(TestRunner.java:596)
at org.testng.SuiteRunner.runTest(SuiteRunner.java:377)
at org.testng.SuiteRunner.runSequentially(SuiteRunner.java:371)
at org.testng.SuiteRunner.privateRun(SuiteRunner.java:332)
at org.testng.SuiteRunner.run(SuiteRunner.java:276)
at org.testng.SuiteRunnerWorker.runSuite(SuiteRunnerWorker.java:53)
at org.testng.SuiteRunnerWorker.run(SuiteRunnerWorker.java:96)
at org.testng.TestNG.runSuitesSequentially(TestNG.java:1212)
at org.testng.TestNG.runSuitesLocally(TestNG.java:1134)
at org.testng.TestNG.runSuites(TestNG.java:1063)
at org.testng.TestNG.run(TestNG.java:1031)
at org.testng.remote.AbstractRemoteTestNG.run(AbstractRemoteTestNG.java:115)
at org.testng.remote.RemoteTestNG.initAndRun(RemoteTestNG.java:251)
at org.testng.remote.RemoteTestNG.main(RemoteTestNG.java:77)
Caused by: org.openqa.selenium.net.UrlChecker$TimeoutException: Timed out waiting for [http://localhost:29318/status] to be available after 20019 ms
at org.openqa.selenium.net.UrlChecker.waitUntilAvailable(UrlChecker.java:100)
at org.openqa.selenium.remote.service.DriverService.waitUntilAvailable(DriverService.java:197)
... 35 more
Caused by: java.util.concurrent.TimeoutException
at java.base/java.util.concurrent.FutureTask.get(FutureTask.java:204)
at com.google.common.util.concurrent.SimpleTimeLimiter.callWithTimeout(SimpleTimeLimiter.java:156)
at org.openqa.selenium.net.UrlChecker.waitUntilAvailable(UrlChecker.java:75)
... 36 more
]]>
    </failure>
  </testcase> <!-- @BeforeClass initiatedriver -->
  <testcase classname="Birlasoft.Pharma.DriverClass" name="@AfterClass closeDriverdriver" time="-1.625473240009E9">
    <skipped/>
  </testcase> <!-- @AfterClass closeDriverdriver -->
  <testcase classname="TestBase.TestPhhomePage" name="verifysearchbutton" time="0.0">
    <skipped/>
  </testcase> <!-- verifysearchbutton -->
  <testcase classname="TestBase.TestPhhomePage" name="verifysearchbar" time="0.0">
    <skipped/>
  </testcase> <!-- verifysearchbar -->
  <testcase classname="TestBase.TestPhhomePage" name="verifysearchbarclick" time="0.0">
    <skipped/>
  </testcase> <!-- verifysearchbarclick -->
  <testcase classname="TestBase.TestPhhomePage" name="verifyFilterColour" time="0.0">
    <skipped/>
  </testcase> <!-- verifyFilterColour -->
  <testcase classname="TestBase.TestPhhomePage" name="verifyFilterSize" time="0.0">
    <skipped/>
  </testcase> <!-- verifyFilterSize -->
  <testcase classname="TestBase.TestPhhomePage" name="verifyRelevance" time="0.0">
    <skipped/>
  </testcase> <!-- verifyRelevance -->
  <testcase classname="TestBase.TestPhhomePage" name="verifychoice" time="0.0">
    <skipped/>
  </testcase> <!-- verifychoice -->
  <testcase classname="TestBase.TestPhhomePage" name="verifySelectColour" time="0.0">
    <skipped/>
  </testcase> <!-- verifySelectColour -->
  <testcase classname="TestBase.TestPhhomePage" name="verifySelectSize" time="0.0">
    <skipped/>
  </testcase> <!-- verifySelectSize -->
  <testcase classname="TestBase.TestPhhomePage" name="verifyAddToCart" time="0.0">
    <skipped/>
  </testcase> <!-- verifyAddToCart -->
  <testcase classname="TestBase.TestPhhomePage" name="ChekCart" time="0.0">
    <skipped/>
  </testcase> <!-- ChekCart -->
</testsuite> <!-- Default test -->
