<?xml version="1.0" encoding="UTF-8"?>
<!-- Generated by org.testng.reporters.JUnitReportReporter -->
<testsuite hostname="LAPTOP-JV9ABTHT" failures="0" tests="12" name="TestBase.TestPhhomePage" time="24.755" errors="1" timestamp="2021-07-05T04:20:42 EDT" skipped="11">
  <testcase classname="TestBase.TestPhhomePage" name="verifysearchbutton" time="0.000">
    <skipped/>
  </testcase> <!-- verifysearchbutton -->
  <system-out/>
  <testcase classname="TestBase.TestPhhomePage" name="initiatedriver" time="24.755">
    <error message="Timed out waiting for driver server to start.
Build info: version: &#039;3.141.59&#039;, revision: &#039;e82be7d358&#039;, time: &#039;2018-11-14T08:17:03&#039;
System info: host: &#039;LAPTOP-JV9ABTHT&#039;, ip: &#039;192.168.43.119&#039;, os.name: &#039;Windows 10&#039;, os.arch: &#039;amd64&#039;, os.version: &#039;10.0&#039;, java.version: &#039;16&#039;
Driver info: driver.version: ChromeDriver" type="org.openqa.selenium.WebDriverException">
      <![CDATA[org.openqa.selenium.WebDriverException: Timed out waiting for driver server to start.
Build info: version: '3.141.59', revision: 'e82be7d358', time: '2018-11-14T08:17:03'
System info: host: 'LAPTOP-JV9ABTHT', ip: '192.168.43.119', os.name: 'Windows 10', os.arch: 'amd64', os.version: '10.0', java.version: '16'
Driver info: driver.version: ChromeDriver
at org.openqa.selenium.remote.service.DriverService.waitUntilAvailable(DriverService.java:202)
at org.openqa.selenium.remote.service.DriverService.start(DriverService.java:188)
at org.openqa.selenium.remote.service.DriverCommandExecutor.execute(DriverCommandExecutor.java:79)
at org.openqa.selenium.remote.RemoteWebDriver.execute(RemoteWebDriver.java:552)
at org.openqa.selenium.remote.RemoteWebDriver.startSession(RemoteWebDriver.java:213)
at org.openqa.selenium.remote.RemoteWebDriver.<init>(RemoteWebDriver.java:131)
at org.openqa.selenium.chrome.ChromeDriver.<init>(ChromeDriver.java:181)
at org.openqa.selenium.chrome.ChromeDriver.<init>(ChromeDriver.java:168)
at org.openqa.selenium.chrome.ChromeDriver.<init>(ChromeDriver.java:123)
at Birlasoft.Pharma.DriverClass.initiatedriver(DriverClass.java:25)
at java.base/jdk.internal.reflect.NativeMethodAccessorImpl.invoke0(Native Method)
at java.base/jdk.internal.reflect.NativeMethodAccessorImpl.invoke(NativeMethodAccessorImpl.java:78)
at java.base/jdk.internal.reflect.DelegatingMethodAccessorImpl.invoke(DelegatingMethodAccessorImpl.java:43)
at java.base/java.lang.reflect.Method.invoke(Method.java:567)
at org.testng.internal.MethodInvocationHelper.invokeMethod(MethodInvocationHelper.java:133)
at org.testng.internal.MethodInvocationHelper.invokeMethodConsideringTimeout(MethodInvocationHelper.java:62)
at org.testng.internal.ConfigInvoker.invokeConfigurationMethod(ConfigInvoker.java:385)
at org.testng.internal.ConfigInvoker.invokeConfigurations(ConfigInvoker.java:321)
at org.testng.internal.TestMethodWorker.invokeBeforeClassMethods(TestMethodWorker.java:176)
at org.testng.internal.TestMethodWorker.run(TestMethodWorker.java:122)
at java.base/java.util.ArrayList.forEach(ArrayList.java:1511)
at org.testng.TestRunner.privateRun(TestRunner.java:794)
at org.testng.TestRunner.run(TestRunner.java:596)
at org.testng.SuiteRunner.runTest(SuiteRunner.java:377)
at org.testng.SuiteRunner.runSequentially(SuiteRunner.java:371)
at org.testng.SuiteRunner.privateRun(SuiteRunner.java:332)
at org.testng.SuiteRunner.run(SuiteRunner.java:276)
at org.testng.SuiteRunnerWorker.runSuite(SuiteRunnerWorker.java:53)
at org.testng.SuiteRunnerWorker.run(SuiteRunnerWorker.java:96)
at org.testng.TestNG.runSuitesSequentially(TestNG.java:1212)
at org.testng.TestNG.runSuitesLocally(TestNG.java:1134)
at org.testng.TestNG.runSuites(TestNG.java:1063)
at org.testng.TestNG.run(TestNG.java:1031)
at org.testng.remote.AbstractRemoteTestNG.run(AbstractRemoteTestNG.java:115)
at org.testng.remote.RemoteTestNG.initAndRun(RemoteTestNG.java:251)
at org.testng.remote.RemoteTestNG.main(RemoteTestNG.java:77)
Caused by: org.openqa.selenium.net.UrlChecker$TimeoutException: Timed out waiting for [http://localhost:29318/status] to be available after 20019 ms
at org.openqa.selenium.net.UrlChecker.waitUntilAvailable(UrlChecker.java:100)
at org.openqa.selenium.remote.service.DriverService.waitUntilAvailable(DriverService.java:197)
... 35 more
Caused by: java.util.concurrent.TimeoutException
at java.base/java.util.concurrent.FutureTask.get(FutureTask.java:204)
at com.google.common.util.concurrent.SimpleTimeLimiter.callWithTimeout(SimpleTimeLimiter.java:156)
at org.openqa.selenium.net.UrlChecker.waitUntilAvailable(UrlChecker.java:75)
... 36 more
]]>
    </error>
  </testcase> <!-- initiatedriver -->
  <system-out/>
  <testcase classname="TestBase.TestPhhomePage" name="verifysearchbar" time="0.000">
    <skipped/>
  </testcase> <!-- verifysearchbar -->
  <system-out/>
  <testcase classname="TestBase.TestPhhomePage" name="verifysearchbarclick" time="0.000">
    <skipped/>
  </testcase> <!-- verifysearchbarclick -->
  <system-out/>
  <testcase classname="TestBase.TestPhhomePage" name="verifyFilterColour" time="0.000">
    <skipped/>
  </testcase> <!-- verifyFilterColour -->
  <system-out/>
  <testcase classname="TestBase.TestPhhomePage" name="verifyFilterSize" time="0.000">
    <skipped/>
  </testcase> <!-- verifyFilterSize -->
  <system-out/>
  <testcase classname="TestBase.TestPhhomePage" name="verifyRelevance" time="0.000">
    <skipped/>
  </testcase> <!-- verifyRelevance -->
  <system-out/>
  <testcase classname="TestBase.TestPhhomePage" name="verifychoice" time="0.000">
    <skipped/>
  </testcase> <!-- verifychoice -->
  <system-out/>
  <testcase classname="TestBase.TestPhhomePage" name="verifySelectColour" time="0.000">
    <skipped/>
  </testcase> <!-- verifySelectColour -->
  <system-out/>
  <testcase classname="TestBase.TestPhhomePage" name="verifySelectSize" time="0.000">
    <skipped/>
  </testcase> <!-- verifySelectSize -->
  <system-out/>
  <testcase classname="TestBase.TestPhhomePage" name="verifyAddToCart" time="0.000">
    <skipped/>
  </testcase> <!-- verifyAddToCart -->
  <system-out/>
  <testcase classname="TestBase.TestPhhomePage" name="ChekCart" time="0.000">
    <skipped/>
  </testcase> <!-- ChekCart -->
  <system-out/>
</testsuite> <!-- TestBase.TestPhhomePage -->
